<?xml version="1.0" encoding="UTF-8"?>
<testng-results ignored="0" total="1" passed="1" failed="0" skipped="0">
  <reporter-output>
  </reporter-output>
  <suite started-at="2025-05-16T14:44:50 IST" name="Default suite" finished-at="2025-05-16T14:45:17 IST" duration-ms="26295">
    <groups>
    </groups>
    <test started-at="2025-05-16T14:44:50 IST" name="Default test" finished-at="2025-05-16T14:45:17 IST" duration-ms="26295">
      <class name="handling_secure_http_server.handlecertificate">
        <test-method signature="httpsecure()[pri:0, instance:handling_secure_http_server.handlecertificate@3c46e67a]" started-at="2025-05-16T14:44:50 IST" name="httpsecure" finished-at="2025-05-16T14:45:17 IST" duration-ms="26247" status="PASS">
          <reporter-output>
          </reporter-output>
        </test-method> <!-- httpsecure -->
      </class> <!-- handling_secure_http_server.handlecertificate -->
    </test> <!-- Default test -->
  </suite> <!-- Default suite -->
</testng-results>
